# JRE version: OpenJDK Runtime Environment (11.0.12+7) (build 11.0.12+7-b1504.28-7817840)
# Java VM: OpenJDK 64-Bit Server VM (11.0.12+7-b1504.28-7817840, mixed mode, tiered, compressed oops, g1 gc, windows-amd64)
Heap:
 garbage-first heap   total 260096K, used 111945K [0x0000000080000000, 0x0000000100000000)
  region size 1024K, 94 young (96256K), 13 survivors (13312K)
 Metaspace       used 49411K, capacity 50920K, committed 51068K, reserved 1093632K
  class space    used 6315K, capacity 6861K, committed 6912K, reserved 1048576K
GC Heap History (10 events):
Event: 0.966 GC heap before
{Heap before GC invocations=0 (full 0):
 garbage-first heap   total 260096K, used 29696K [0x0000000080000000, 0x0000000100000000)
  region size 1024K, 24 young (24576K), 0 survivors (0K)
 Metaspace       used 10085K, capacity 10320K, committed 10368K, reserved 1058816K
  class space    used 1038K, capacity 1105K, committed 1152K, reserved 1048576K
}
Event: 0.973 GC heap after
{Heap after GC invocations=1 (full 0):
 garbage-first heap   total 260096K, used 9473K [0x0000000080000000, 0x0000000100000000)
  region size 1024K, 3 young (3072K), 3 survivors (3072K)
 Metaspace       used 10085K, capacity 10320K, committed 10368K, reserved 1058816K
  class space    used 1038K, capacity 1105K, committed 1152K, reserved 1048576K
}
Event: 3.769 GC heap before
{Heap before GC invocations=1 (full 0):
 garbage-first heap   total 260096K, used 115969K [0x0000000080000000, 0x0000000100000000)
  region size 1024K, 108 young (110592K), 3 survivors (3072K)
 Metaspace       used 20766K, capacity 21229K, committed 21296K, reserved 1069056K
  class space    used 2540K, capacity 2680K, committed 2688K, reserved 1048576K
}
Event: 3.778 GC heap after
{Heap after GC invocations=2 (full 0):
 garbage-first heap   total 260096K, used 17309K [0x0000000080000000, 0x0000000100000000)
  region size 1024K, 11 young (11264K), 11 survivors (11264K)
 Metaspace       used 20766K, capacity 21229K, committed 21296K, reserved 1069056K
  class space    used 2540K, capacity 2680K, committed 2688K, reserved 1048576K
}
Event: 4.515 GC heap before
{Heap before GC invocations=3 (full 0):
 garbage-first heap   total 260096K, used 74653K [0x0000000080000000, 0x0000000100000000)
  region size 1024K, 67 young (68608K), 11 survivors (11264K)
 Metaspace       used 26829K, capacity 27458K, committed 27696K, reserved 1073152K
  class space    used 3486K, capacity 3703K, committed 3712K, reserved 1048576K
}
Event: 4.524 GC heap after
{Heap after GC invocations=4 (full 0):
 garbage-first heap   total 260096K, used 19467K [0x0000000080000000, 0x0000000100000000)
  region size 1024K, 3 young (3072K), 3 survivors (3072K)
 Metaspace       used 26829K, capacity 27458K, committed 27696K, reserved 1073152K
  class space    used 3486K, capacity 3703K, committed 3712K, reserved 1048576K
}
Event: 5.404 GC heap before
{Heap before GC invocations=4 (full 0):
 garbage-first heap   total 260096K, used 74763K [0x0000000080000000, 0x0000000100000000)
  region size 1024K, 58 young (59392K), 3 survivors (3072K)
 Metaspace       used 34840K, capacity 35614K, committed 35708K, reserved 1081344K
  class space    used 4496K, capacity 4807K, committed 4864K, reserved 1048576K
}
Event: 5.413 GC heap after
{Heap after GC invocations=5 (full 0):
 garbage-first heap   total 260096K, used 22098K [0x0000000080000000, 0x0000000100000000)
  region size 1024K, 6 young (6144K), 6 survivors (6144K)
 Metaspace       used 34840K, capacity 35614K, committed 35708K, reserved 1081344K
  class space    used 4496K, capacity 4807K, committed 4864K, reserved 1048576K
}
Event: 7.380 GC heap before
{Heap before GC invocations=6 (full 0):
 garbage-first heap   total 260096K, used 140882K [0x0000000080000000, 0x0000000100000000)
  region size 1024K, 119 young (121856K), 6 survivors (6144K)
 Metaspace       used 44594K, capacity 45746K, committed 45948K, reserved 1089536K
  class space    used 5682K, capacity 6084K, committed 6144K, reserved 1048576K
}
Event: 7.398 GC heap after
{Heap after GC invocations=7 (full 0):
 garbage-first heap   total 260096K, used 30025K [0x0000000080000000, 0x0000000100000000)
  region size 1024K, 13 young (13312K), 13 survivors (13312K)
 Metaspace       used 44594K, capacity 45746K, committed 45948K, reserved 1089536K
  class space    used 5682K, capacity 6084K, committed 6144K, reserved 1048576K
}

